(------------------------------------------------------------)
(                                                            )
(                    NC DRILL LOG FILE                       )
(                                                            )
(        Drawing    : BF537_v1_1_pcb.brd                     )
(        Date/Time  : Fri Aug 14 08:56:21 2009               )
(                                                            )
(------------------------------------------------------------)



 Processing NC Parameters file ...

 NC PARAMETERS
 -------------

 FORMAT   		2.5
 MACHINE-OFFSET		x:0.000000	y:0.000000
 FEEDRATE		1
 COORDINATES		ABSOLUTE
 OUTPUT-UNITS		ENGLISH
 TOOL-ORDER		INCREASING
 REPEAT-CODES		YES
 SUPPRESS-LEAD-ZEROES	NO
 SUPPRESS-TRAIL-ZEROES	NO
 SUPPRESS-EQUAL		NO
 TOOL-SELECT		YES
 HEADER			none
 LEADER			12
 CODE			ASCII
 SEPARATE		NO
 OPTIMIZE_DRILLING	NO
 ENHANCED_EXCELLON	YES
 SCALE			1.000000

 WARNING: Can't find tool file (nc_tools.txt)
          ... will auto-generate tool file (nc_tools_auto.txt)


     Auto-generating tool file nc_tools_auto.txt
     -------------------------------------------

           Size  Plating  Tool        + Tolerance  - Tolerance

           7.87  P        T01            0.000000     0.000000
           9.84  P        T02            0.000000     0.000000
          40.16  P        T03            0.000000     0.000000
          85.00  P        T04            0.000000     0.000000


 Drill files being output to directory 'E:/work/ningbojieti/101885/BF537_v1_1_pcb' ...



     'BF537_v1_1-1-6.drl' created for holes connecting TOP and BOTTOM
     ----------------------------------------------------------------

     Tool  Num     Size      +/- Tolerance     Plating   Quantity

      T01   1.   7.8700    0.0000/  0.0000      PLATED        201
      T02   2.   9.8400    0.0000/  0.0000      PLATED        219
      T03   3.  40.1600    0.0000/  0.0000      PLATED         89
      T04   4.  85.0000    0.0000/  0.0000      PLATED          4

     ---- Total holes:                                        513

     ---- Total head travel:              10.73 feet (3.27 meters)

